<?xml version="1.0" encoding="UTF-8"?>
<!-- Generated by org.testng.reporters.JUnitReportReporter -->
<testsuite hostname="Mafaz" failures="0" tests="5" name="testCases.TC003_LoginDDT" time="40.794" errors="0" timestamp="2025-08-30T08:18:18 IST" skipped="0">
  <testcase classname="testCases.TC003_LoginDDT" name="verify_loginDDT" time="2.355"/>
  <testcase classname="testCases.TC003_LoginDDT" name="verify_loginDDT" time="10.982"/>
  <testcase classname="testCases.TC003_LoginDDT" name="verify_loginDDT" time="13.278"/>
  <testcase classname="testCases.TC003_LoginDDT" name="verify_loginDDT" time="11.857"/>
  <testcase classname="testCases.TC003_LoginDDT" name="verify_loginDDT" time="2.322"/>
</testsuite> <!-- testCases.TC003_LoginDDT -->
