<?xml version="1.0" encoding="UTF-8"?>
<!-- Generated by org.testng.reporters.JUnitReportReporter -->
<testsuite hostname="Mafaz" failures="0" tests="1" name="testCases.TC001_AccountRegistrationTest" time="2.005" errors="0" timestamp="2025-08-30T21:13:41 IST" skipped="0">
  <testcase classname="testCases.TC001_AccountRegistrationTest" name="verify_account_registration" time="2.005"/>
</testsuite> <!-- testCases.TC001_AccountRegistrationTest -->
