<?xml version="1.0" encoding="UTF-8"?>
<!-- Generated by org.testng.reporters.JUnitReportReporter -->
<testsuite hostname="Mafaz" failures="0" tests="1" name="testCases.TC002_LoginTest" time="1.703" errors="0" timestamp="2025-08-30T21:13:41 IST" skipped="0">
  <testcase classname="testCases.TC002_LoginTest" name="verify_login" time="1.703"/>
</testsuite> <!-- testCases.TC002_LoginTest -->
